2019-03-11T20:26:41.621Z - info: Log files will be located in:logs
2019-03-11T20:26:41.621Z - info: node:Using config file:
{"title":"xmms-webserver","hostname":"localhost","port":443,"logger":{"enabled":true,"dir":"logs"}}
2019-03-11T20:26:41.622Z - info: xmms-webserve:Setting default and config values for express app.
2019-03-11T20:26:41.624Z - error: uncaughtException: ENOENT: no such file or directory, open '/home/zoroloco/Documents/dev/xmms-webserver/security/ssl/druidia.pem' date=Mon Mar 11 2019 15:26:41 GMT-0500 (Central Daylight Time), pid=21045, uid=1000, gid=1000, cwd=/home/zoroloco/Documents/dev/xmms-webserver, execPath=/usr/bin/node, version=v10.15.3, argv=[/usr/bin/node, /home/zoroloco/Documents/dev/xmms-webserver/index.js], rss=43532288, heapTotal=19644416, heapUsed=10415472, external=231183, loadavg=[0.22412109375, 0.10302734375, 0.02392578125], uptime=101064, trace=[column=3, file=fs.js, function=Object.openSync, line=438, method=openSync, native=false, column=35, file=fs.js, function=Object.readFileSync, line=343, method=readFileSync, native=false, column=18, file=/home/zoroloco/Documents/dev/xmms-webserver/express.js, function=module.exports, line=23, method=exports, native=false, column=17, file=/home/zoroloco/Documents/dev/xmms-webserver/index.js, function=null, line=27, method=null, native=false, column=30, file=internal/modules/cjs/loader.js, function=Module._compile, line=701, method=_compile, native=false, column=10, file=internal/modules/cjs/loader.js, function=Module._extensions..js, line=712, method=.js, native=false, column=32, file=internal/modules/cjs/loader.js, function=Module.load, line=600, method=load, native=false, column=12, file=internal/modules/cjs/loader.js, function=tryModuleLoad, line=539, method=null, native=false, column=3, file=internal/modules/cjs/loader.js, function=Module._load, line=531, method=_load, native=false, column=12, file=internal/modules/cjs/loader.js, function=Module.runMain, line=754, method=runMain, native=false], stack=[Error: ENOENT: no such file or directory, open '/home/zoroloco/Documents/dev/xmms-webserver/security/ssl/druidia.pem',     at Object.openSync (fs.js:438:3),     at Object.readFileSync (fs.js:343:35),     at module.exports (/home/zoroloco/Documents/dev/xmms-webserver/express.js:23:18),     at Object.<anonymous> (/home/zoroloco/Documents/dev/xmms-webserver/index.js:27:17),     at Module._compile (internal/modules/cjs/loader.js:701:30),     at Object.Module._extensions..js (internal/modules/cjs/loader.js:712:10),     at Module.load (internal/modules/cjs/loader.js:600:32),     at tryModuleLoad (internal/modules/cjs/loader.js:539:12),     at Function.Module._load (internal/modules/cjs/loader.js:531:3),     at Function.Module.runMain (internal/modules/cjs/loader.js:754:12)]
2019-03-11T20:32:40.783Z - info: Log files will be located in:logs
2019-03-11T20:32:40.783Z - info: node:Using config file:
{"title":"xmms-webserver","hostname":"localhost","port":443,"logger":{"enabled":true,"dir":"logs"}}
2019-03-11T20:32:40.784Z - info: xmms-webserve:Setting default and config values for express app.
2019-03-11T20:32:40.785Z - info: xmms-webserve:Defining routing file.
2019-03-11T20:32:40.788Z - error: uncaughtException: Xmms.connect is not a function date=Mon Mar 11 2019 15:32:40 GMT-0500 (Central Daylight Time), pid=21406, uid=1000, gid=1000, cwd=/home/zoroloco/Documents/dev/xmms-webserver, execPath=/usr/bin/node, version=v10.15.3, argv=[/usr/bin/node, /home/zoroloco/Documents/dev/xmms-webserver/index.js], rss=43839488, heapTotal=20168704, heapUsed=10616424, external=239375, loadavg=[0.10888671875, 0.0537109375, 0.0087890625], uptime=101424, trace=[column=6, file=/home/zoroloco/Documents/dev/xmms-webserver/index.js, function=null, line=59, method=null, native=false, column=30, file=internal/modules/cjs/loader.js, function=Module._compile, line=701, method=_compile, native=false, column=10, file=internal/modules/cjs/loader.js, function=Module._extensions..js, line=712, method=.js, native=false, column=32, file=internal/modules/cjs/loader.js, function=Module.load, line=600, method=load, native=false, column=12, file=internal/modules/cjs/loader.js, function=tryModuleLoad, line=539, method=null, native=false, column=3, file=internal/modules/cjs/loader.js, function=Module._load, line=531, method=_load, native=false, column=12, file=internal/modules/cjs/loader.js, function=Module.runMain, line=754, method=runMain, native=false, column=19, file=internal/bootstrap/node.js, function=startup, line=283, method=null, native=false, column=3, file=internal/bootstrap/node.js, function=bootstrapNodeJSCore, line=622, method=null, native=false], stack=[TypeError: Xmms.connect is not a function,     at Object.<anonymous> (/home/zoroloco/Documents/dev/xmms-webserver/index.js:59:6),     at Module._compile (internal/modules/cjs/loader.js:701:30),     at Object.Module._extensions..js (internal/modules/cjs/loader.js:712:10),     at Module.load (internal/modules/cjs/loader.js:600:32),     at tryModuleLoad (internal/modules/cjs/loader.js:539:12),     at Function.Module._load (internal/modules/cjs/loader.js:531:3),     at Function.Module.runMain (internal/modules/cjs/loader.js:754:12),     at startup (internal/bootstrap/node.js:283:19),     at bootstrapNodeJSCore (internal/bootstrap/node.js:622:3)]
2019-03-11T20:32:40.788Z - error: xmms-webserve:Uncaught Exception TypeError: Xmms.connect is not a function
2019-03-11T20:32:40.791Z - info: xmms-webserve:server process exiting...
2019-03-11T20:33:18.280Z - info: Log files will be located in:logs
2019-03-11T20:33:18.281Z - info: node:Using config file:
{"title":"xmms-webserver","hostname":"localhost","port":443,"logger":{"enabled":true,"dir":"logs"}}
2019-03-11T20:33:18.282Z - info: xmms-webserve:Setting default and config values for express app.
2019-03-11T20:33:18.283Z - info: xmms-webserve:Defining routing file.
2019-03-11T20:33:18.296Z - error: uncaughtException: spawn xmms ENOENT date=Mon Mar 11 2019 15:33:18 GMT-0500 (Central Daylight Time), pid=21459, uid=1000, gid=1000, cwd=/home/zoroloco/Documents/dev/xmms-webserver, execPath=/usr/bin/node, version=v10.15.3, argv=[/usr/bin/node, /home/zoroloco/Documents/dev/xmms-webserver/index.js], rss=47407104, heapTotal=20168704, heapUsed=10898736, external=240254, loadavg=[0.103515625, 0.06005859375, 0.0107421875], uptime=101461, trace=[column=19, file=internal/child_process.js, function=Process.ChildProcess._handle.onexit, line=240, method=onexit, native=false, column=16, file=internal/child_process.js, function=onErrorNT, line=415, method=null, native=false, column=19, file=internal/process/next_tick.js, function=process._tickCallback, line=63, method=_tickCallback, native=false, column=11, file=internal/modules/cjs/loader.js, function=Module.runMain, line=757, method=runMain, native=false, column=19, file=internal/bootstrap/node.js, function=startup, line=283, method=null, native=false, column=3, file=internal/bootstrap/node.js, function=bootstrapNodeJSCore, line=622, method=null, native=false], stack=[Error: spawn xmms ENOENT,     at Process.ChildProcess._handle.onexit (internal/child_process.js:240:19),     at onErrorNT (internal/child_process.js:415:16),     at process._tickCallback (internal/process/next_tick.js:63:19),     at Function.Module.runMain (internal/modules/cjs/loader.js:757:11),     at startup (internal/bootstrap/node.js:283:19),     at bootstrapNodeJSCore (internal/bootstrap/node.js:622:3)]
2019-03-11T20:33:18.297Z - error: xmms-webserve:Uncaught Exception Error: spawn xmms ENOENT
2019-03-11T20:33:18.298Z - error: uncaughtException: listen EACCES: permission denied 0.0.0.0:443 date=Mon Mar 11 2019 15:33:18 GMT-0500 (Central Daylight Time), pid=21459, uid=1000, gid=1000, cwd=/home/zoroloco/Documents/dev/xmms-webserver, execPath=/usr/bin/node, version=v10.15.3, argv=[/usr/bin/node, /home/zoroloco/Documents/dev/xmms-webserver/index.js], rss=48640000, heapTotal=20168704, heapUsed=11264656, external=240254, loadavg=[0.103515625, 0.06005859375, 0.0107421875], uptime=101461, trace=[column=19, file=net.js, function=Server.setupListenHandle [as _listen2], line=1253, method=setupListenHandle [as _listen2], native=false, column=12, file=net.js, function=listenInCluster, line=1318, method=null, native=false, column=7, file=net.js, function=Server.listen, line=1405, method=listen, native=false, column=67, file=/home/zoroloco/Documents/dev/xmms-webserver/index.js, function=null, line=60, method=null, native=false, column=30, file=internal/modules/cjs/loader.js, function=Module._compile, line=701, method=_compile, native=false, column=10, file=internal/modules/cjs/loader.js, function=Module._extensions..js, line=712, method=.js, native=false, column=32, file=internal/modules/cjs/loader.js, function=Module.load, line=600, method=load, native=false, column=12, file=internal/modules/cjs/loader.js, function=tryModuleLoad, line=539, method=null, native=false, column=3, file=internal/modules/cjs/loader.js, function=Module._load, line=531, method=_load, native=false, column=12, file=internal/modules/cjs/loader.js, function=Module.runMain, line=754, method=runMain, native=false], stack=[Error: listen EACCES: permission denied 0.0.0.0:443,     at Server.setupListenHandle [as _listen2] (net.js:1253:19),     at listenInCluster (net.js:1318:12),     at Server.listen (net.js:1405:7),     at Object.<anonymous> (/home/zoroloco/Documents/dev/xmms-webserver/index.js:60:67),     at Module._compile (internal/modules/cjs/loader.js:701:30),     at Object.Module._extensions..js (internal/modules/cjs/loader.js:712:10),     at Module.load (internal/modules/cjs/loader.js:600:32),     at tryModuleLoad (internal/modules/cjs/loader.js:539:12),     at Function.Module._load (internal/modules/cjs/loader.js:531:3),     at Function.Module.runMain (internal/modules/cjs/loader.js:754:12)]
2019-03-11T20:33:18.298Z - error: xmms-webserve:Uncaught Exception Error: listen EACCES: permission denied 0.0.0.0:443
2019-03-11T20:33:18.300Z - info: xmms-webserve:server process exiting...
2019-03-11T20:33:36.097Z - info: Log files will be located in:logs
2019-03-11T20:33:36.098Z - info: node:Using config file:
{"title":"xmms-webserver","hostname":"localhost","port":443,"logger":{"enabled":true,"dir":"logs"}}
2019-03-11T20:33:36.098Z - info: xmms-webserve:Setting default and config values for express app.
2019-03-11T20:33:36.100Z - info: xmms-webserve:Defining routing file.
2019-03-11T20:33:36.112Z - error: uncaughtException: spawn xmms ENOENT date=Mon Mar 11 2019 15:33:36 GMT-0500 (Central Daylight Time), pid=21519, uid=0, gid=0, cwd=/home/zoroloco/Documents/dev/xmms-webserver, execPath=/usr/bin/node, version=v10.15.3, argv=[/usr/bin/node, /home/zoroloco/Documents/dev/xmms-webserver/index.js], rss=45039616, heapTotal=20168704, heapUsed=10880664, external=240254, loadavg=[0.080078125, 0.056640625, 0.00927734375], uptime=101479, trace=[column=19, file=internal/child_process.js, function=Process.ChildProcess._handle.onexit, line=240, method=onexit, native=false, column=16, file=internal/child_process.js, function=onErrorNT, line=415, method=null, native=false, column=19, file=internal/process/next_tick.js, function=process._tickCallback, line=63, method=_tickCallback, native=false, column=11, file=internal/modules/cjs/loader.js, function=Module.runMain, line=757, method=runMain, native=false, column=19, file=internal/bootstrap/node.js, function=startup, line=283, method=null, native=false, column=3, file=internal/bootstrap/node.js, function=bootstrapNodeJSCore, line=622, method=null, native=false], stack=[Error: spawn xmms ENOENT,     at Process.ChildProcess._handle.onexit (internal/child_process.js:240:19),     at onErrorNT (internal/child_process.js:415:16),     at process._tickCallback (internal/process/next_tick.js:63:19),     at Function.Module.runMain (internal/modules/cjs/loader.js:757:11),     at startup (internal/bootstrap/node.js:283:19),     at bootstrapNodeJSCore (internal/bootstrap/node.js:622:3)]
2019-03-11T20:33:36.112Z - error: xmms-webserve:Uncaught Exception Error: spawn xmms ENOENT
2019-03-11T20:33:36.113Z - info: xmms-webserve:xmms-webserve server now listening on port:443
2019-03-11T20:35:27.358Z - info: xmms-webserve:GET request to:/play made by IP Address: ::ffff:127.0.0.1
2019-03-11T20:35:27.359Z - info: xmms-webserve:XMMS got command:play
2019-03-11T20:35:27.359Z - error: xmms-webserve:Error middleware caught with error:TypeError: Cannot read property 'stdin' of undefined
2019-03-11T20:35:32.369Z - info: xmms-webserve:GET request to:/play made by IP Address: ::ffff:127.0.0.1
2019-03-11T20:35:32.369Z - info: xmms-webserve:XMMS got command:play
2019-03-11T20:35:32.369Z - error: xmms-webserve:Error middleware caught with error:TypeError: Cannot read property 'stdin' of undefined
2019-03-11T20:35:36.793Z - warn: xmms-webserve:Caught interrupt signal(Ctrl-C)
2019-03-11T20:35:36.794Z - error: uncaughtException: httpServer is not defined date=Mon Mar 11 2019 15:35:36 GMT-0500 (Central Daylight Time), pid=21519, uid=0, gid=0, cwd=/home/zoroloco/Documents/dev/xmms-webserver, execPath=/usr/bin/node, version=v10.15.3, argv=[/usr/bin/node, /home/zoroloco/Documents/dev/xmms-webserver/index.js], rss=47235072, heapTotal=20692992, heapUsed=12000312, external=363486, loadavg=[0.0078125, 0.033203125, 0], uptime=101600, trace=[column=5, file=/home/zoroloco/Documents/dev/xmms-webserver/index.js, function=null, line=39, method=null, native=false, column=13, file=events.js, function=process.emit, line=189, method=emit, native=false], stack=[ReferenceError: httpServer is not defined,     at process.<anonymous> (/home/zoroloco/Documents/dev/xmms-webserver/index.js:39:5),     at process.emit (events.js:189:13)]
2019-03-11T20:35:36.794Z - error: xmms-webserve:Uncaught Exception ReferenceError: httpServer is not defined
2019-03-11T20:35:37.373Z - info: xmms-webserve:GET request to:/play made by IP Address: ::ffff:127.0.0.1
2019-03-11T20:35:37.373Z - info: xmms-webserve:XMMS got command:play
2019-03-11T20:35:37.373Z - error: xmms-webserve:Error middleware caught with error:TypeError: Cannot read property 'stdin' of undefined
2019-03-11T20:35:38.329Z - warn: xmms-webserve:Caught interrupt signal(Ctrl-C)
2019-03-11T20:35:38.330Z - error: uncaughtException: httpServer is not defined date=Mon Mar 11 2019 15:35:38 GMT-0500 (Central Daylight Time), pid=21519, uid=0, gid=0, cwd=/home/zoroloco/Documents/dev/xmms-webserver, execPath=/usr/bin/node, version=v10.15.3, argv=[/usr/bin/node, /home/zoroloco/Documents/dev/xmms-webserver/index.js], rss=47435776, heapTotal=20692992, heapUsed=12319552, external=363486, loadavg=[0.0068359375, 0.0322265625, 0], uptime=101601, trace=[column=5, file=/home/zoroloco/Documents/dev/xmms-webserver/index.js, function=null, line=39, method=null, native=false, column=13, file=events.js, function=process.emit, line=189, method=emit, native=false], stack=[ReferenceError: httpServer is not defined,     at process.<anonymous> (/home/zoroloco/Documents/dev/xmms-webserver/index.js:39:5),     at process.emit (events.js:189:13)]
2019-03-11T20:35:38.330Z - error: xmms-webserve:Uncaught Exception ReferenceError: httpServer is not defined
2019-03-11T20:35:42.380Z - info: xmms-webserve:GET request to:/play made by IP Address: ::ffff:127.0.0.1
2019-03-11T20:35:42.380Z - info: xmms-webserve:XMMS got command:play
2019-03-11T20:35:42.380Z - error: xmms-webserve:Error middleware caught with error:TypeError: Cannot read property 'stdin' of undefined
2019-03-11T20:35:47.387Z - info: xmms-webserve:GET request to:/play made by IP Address: ::ffff:127.0.0.1
2019-03-11T20:35:47.388Z - info: xmms-webserve:XMMS got command:play
2019-03-11T20:35:47.388Z - error: xmms-webserve:Error middleware caught with error:TypeError: Cannot read property 'stdin' of undefined
2019-03-11T20:35:52.395Z - info: xmms-webserve:GET request to:/play made by IP Address: ::ffff:127.0.0.1
2019-03-11T20:35:52.395Z - info: xmms-webserve:XMMS got command:play
2019-03-11T20:35:52.396Z - error: xmms-webserve:Error middleware caught with error:TypeError: Cannot read property 'stdin' of undefined
2019-03-11T20:35:57.408Z - info: xmms-webserve:GET request to:/play made by IP Address: ::ffff:127.0.0.1
2019-03-11T20:35:57.408Z - info: xmms-webserve:XMMS got command:play
2019-03-11T20:35:57.408Z - error: xmms-webserve:Error middleware caught with error:TypeError: Cannot read property 'stdin' of undefined
2019-03-11T20:36:02.415Z - info: xmms-webserve:GET request to:/play made by IP Address: ::ffff:127.0.0.1
2019-03-11T20:36:02.416Z - info: xmms-webserve:XMMS got command:play
2019-03-11T20:36:02.416Z - error: xmms-webserve:Error middleware caught with error:TypeError: Cannot read property 'stdin' of undefined
2019-03-11T20:36:07.423Z - info: xmms-webserve:GET request to:/play made by IP Address: ::ffff:127.0.0.1
2019-03-11T20:36:07.423Z - info: xmms-webserve:XMMS got command:play
2019-03-11T20:36:07.423Z - error: xmms-webserve:Error middleware caught with error:TypeError: Cannot read property 'stdin' of undefined
2019-03-11T20:36:12.431Z - info: xmms-webserve:GET request to:/play made by IP Address: ::ffff:127.0.0.1
2019-03-11T20:36:12.431Z - info: xmms-webserve:XMMS got command:play
2019-03-11T20:36:12.431Z - error: xmms-webserve:Error middleware caught with error:TypeError: Cannot read property 'stdin' of undefined
2019-03-11T20:36:44.993Z - info: xmms-webserve:Got kill signal. Exiting.
2019-03-11T20:36:44.994Z - error: uncaughtException: httpServer is not defined date=Mon Mar 11 2019 15:36:44 GMT-0500 (Central Daylight Time), pid=21519, uid=0, gid=0, cwd=/home/zoroloco/Documents/dev/xmms-webserver, execPath=/usr/bin/node, version=v10.15.3, argv=[/usr/bin/node, /home/zoroloco/Documents/dev/xmms-webserver/index.js], rss=44826624, heapTotal=15974400, heapUsed=10512528, external=58711, loadavg=[0.091796875, 0.0537109375, 0.0068359375], uptime=101668, trace=[column=5, file=/home/zoroloco/Documents/dev/xmms-webserver/index.js, function=null, line=32, method=null, native=false, column=13, file=events.js, function=process.emit, line=189, method=emit, native=false], stack=[ReferenceError: httpServer is not defined,     at process.<anonymous> (/home/zoroloco/Documents/dev/xmms-webserver/index.js:32:5),     at process.emit (events.js:189:13)]
2019-03-11T20:36:44.994Z - error: xmms-webserve:Uncaught Exception ReferenceError: httpServer is not defined
2019-03-11T20:38:57.116Z - info: Log files will be located in:logs
2019-03-11T20:38:57.116Z - info: node:Using config file:
{"title":"xmms-webserver","hostname":"localhost","port":443,"logger":{"enabled":true,"dir":"logs"}}
2019-03-11T20:38:57.117Z - info: xmms-webserve:Setting default and config values for express app.
2019-03-11T20:38:57.118Z - info: xmms-webserve:Defining routing file.
2019-03-11T20:38:57.127Z - error: uncaughtException: listen EADDRINUSE: address already in use :::443 date=Mon Mar 11 2019 15:38:57 GMT-0500 (Central Daylight Time), pid=21836, uid=0, gid=0, cwd=/home/zoroloco/Documents/dev/xmms-webserver, execPath=/usr/bin/node, version=v10.15.3, argv=[/usr/bin/node, /home/zoroloco/Documents/dev/xmms-webserver/index.js], rss=45940736, heapTotal=20168704, heapUsed=10764016, external=240247, loadavg=[0.0078125, 0.02880859375, 0], uptime=101800, trace=[column=14, file=net.js, function=Server.setupListenHandle [as _listen2], line=1270, method=setupListenHandle [as _listen2], native=false, column=12, file=net.js, function=listenInCluster, line=1318, method=null, native=false, column=7, file=net.js, function=Server.listen, line=1405, method=listen, native=false, column=67, file=/home/zoroloco/Documents/dev/xmms-webserver/index.js, function=null, line=59, method=null, native=false, column=30, file=internal/modules/cjs/loader.js, function=Module._compile, line=701, method=_compile, native=false, column=10, file=internal/modules/cjs/loader.js, function=Module._extensions..js, line=712, method=.js, native=false, column=32, file=internal/modules/cjs/loader.js, function=Module.load, line=600, method=load, native=false, column=12, file=internal/modules/cjs/loader.js, function=tryModuleLoad, line=539, method=null, native=false, column=3, file=internal/modules/cjs/loader.js, function=Module._load, line=531, method=_load, native=false, column=12, file=internal/modules/cjs/loader.js, function=Module.runMain, line=754, method=runMain, native=false], stack=[Error: listen EADDRINUSE: address already in use :::443,     at Server.setupListenHandle [as _listen2] (net.js:1270:14),     at listenInCluster (net.js:1318:12),     at Server.listen (net.js:1405:7),     at Object.<anonymous> (/home/zoroloco/Documents/dev/xmms-webserver/index.js:59:67),     at Module._compile (internal/modules/cjs/loader.js:701:30),     at Object.Module._extensions..js (internal/modules/cjs/loader.js:712:10),     at Module.load (internal/modules/cjs/loader.js:600:32),     at tryModuleLoad (internal/modules/cjs/loader.js:539:12),     at Function.Module._load (internal/modules/cjs/loader.js:531:3),     at Function.Module.runMain (internal/modules/cjs/loader.js:754:12)]
2019-03-11T20:38:57.127Z - error: xmms-webserve:Uncaught Exception Error: listen EADDRINUSE: address already in use :::443
2019-03-11T20:38:57.129Z - info: xmms-webserve:server process exiting...
2019-03-11T20:39:13.432Z - info: xmms-webserve:Got kill signal. Exiting.
2019-03-11T20:39:13.434Z - error: uncaughtException: httpServer is not defined date=Mon Mar 11 2019 15:39:13 GMT-0500 (Central Daylight Time), pid=21519, uid=0, gid=0, cwd=/home/zoroloco/Documents/dev/xmms-webserver, execPath=/usr/bin/node, version=v10.15.3, argv=[/usr/bin/node, /home/zoroloco/Documents/dev/xmms-webserver/index.js], rss=44843008, heapTotal=15974400, heapUsed=10716112, external=58711, loadavg=[0.0048828125, 0.02685546875, 0], uptime=101816, trace=[column=5, file=/home/zoroloco/Documents/dev/xmms-webserver/index.js, function=null, line=32, method=null, native=false, column=13, file=events.js, function=process.emit, line=189, method=emit, native=false], stack=[ReferenceError: httpServer is not defined,     at process.<anonymous> (/home/zoroloco/Documents/dev/xmms-webserver/index.js:32:5),     at process.emit (events.js:189:13)]
2019-03-11T20:39:13.435Z - error: xmms-webserve:Uncaught Exception ReferenceError: httpServer is not defined
2019-03-11T20:39:19.902Z - info: Log files will be located in:logs
2019-03-11T20:39:19.903Z - info: node:Using config file:
{"title":"xmms-webserver","hostname":"localhost","port":443,"logger":{"enabled":true,"dir":"logs"}}
2019-03-11T20:39:19.903Z - info: xmms-webserve:Setting default and config values for express app.
2019-03-11T20:39:19.905Z - info: xmms-webserve:Defining routing file.
2019-03-11T20:39:19.914Z - error: uncaughtException: listen EADDRINUSE: address already in use :::443 date=Mon Mar 11 2019 15:39:19 GMT-0500 (Central Daylight Time), pid=21876, uid=0, gid=0, cwd=/home/zoroloco/Documents/dev/xmms-webserver, execPath=/usr/bin/node, version=v10.15.3, argv=[/usr/bin/node, /home/zoroloco/Documents/dev/xmms-webserver/index.js], rss=44740608, heapTotal=19644416, heapUsed=10740824, external=240247, loadavg=[0.00439453125, 0.0263671875, 0], uptime=101823, trace=[column=14, file=net.js, function=Server.setupListenHandle [as _listen2], line=1270, method=setupListenHandle [as _listen2], native=false, column=12, file=net.js, function=listenInCluster, line=1318, method=null, native=false, column=7, file=net.js, function=Server.listen, line=1405, method=listen, native=false, column=67, file=/home/zoroloco/Documents/dev/xmms-webserver/index.js, function=null, line=59, method=null, native=false, column=30, file=internal/modules/cjs/loader.js, function=Module._compile, line=701, method=_compile, native=false, column=10, file=internal/modules/cjs/loader.js, function=Module._extensions..js, line=712, method=.js, native=false, column=32, file=internal/modules/cjs/loader.js, function=Module.load, line=600, method=load, native=false, column=12, file=internal/modules/cjs/loader.js, function=tryModuleLoad, line=539, method=null, native=false, column=3, file=internal/modules/cjs/loader.js, function=Module._load, line=531, method=_load, native=false, column=12, file=internal/modules/cjs/loader.js, function=Module.runMain, line=754, method=runMain, native=false], stack=[Error: listen EADDRINUSE: address already in use :::443,     at Server.setupListenHandle [as _listen2] (net.js:1270:14),     at listenInCluster (net.js:1318:12),     at Server.listen (net.js:1405:7),     at Object.<anonymous> (/home/zoroloco/Documents/dev/xmms-webserver/index.js:59:67),     at Module._compile (internal/modules/cjs/loader.js:701:30),     at Object.Module._extensions..js (internal/modules/cjs/loader.js:712:10),     at Module.load (internal/modules/cjs/loader.js:600:32),     at tryModuleLoad (internal/modules/cjs/loader.js:539:12),     at Function.Module._load (internal/modules/cjs/loader.js:531:3),     at Function.Module.runMain (internal/modules/cjs/loader.js:754:12)]
2019-03-11T20:39:19.914Z - error: xmms-webserve:Uncaught Exception Error: listen EADDRINUSE: address already in use :::443
2019-03-11T20:39:19.916Z - info: xmms-webserve:server process exiting...
2019-03-11T20:39:59.870Z - info: Log files will be located in:logs
2019-03-11T20:39:59.870Z - info: node:Using config file:
{"title":"xmms-webserver","hostname":"localhost","port":443,"logger":{"enabled":true,"dir":"logs"}}
2019-03-11T20:39:59.871Z - info: xmms-webserve:Setting default and config values for express app.
2019-03-11T20:39:59.872Z - info: xmms-webserve:Defining routing file.
2019-03-11T20:39:59.879Z - info: xmms-webserve:xmms-webserve server now listening on port:443
2019-03-11T20:40:02.793Z - warn: xmms-webserve:Caught interrupt signal(Ctrl-C)
2019-03-11T20:40:24.730Z - info: Log files will be located in:logs
2019-03-11T20:40:24.730Z - info: node:Using config file:
{"title":"xmms-webserver","hostname":"localhost","port":443,"logger":{"enabled":true,"dir":"logs"}}
2019-03-11T20:40:24.731Z - info: xmms-webserve:Setting default and config values for express app.
2019-03-11T20:40:24.732Z - info: xmms-webserve:Defining routing file.
2019-03-11T20:40:24.739Z - info: xmms-webserve:xmms-webserve server now listening on port:443
2019-03-11T20:40:28.113Z - warn: xmms-webserve:Caught interrupt signal(Ctrl-C)
2019-03-11T20:40:38.168Z - info: Log files will be located in:logs
2019-03-11T20:40:38.169Z - info: node:Using config file:
{"title":"xmms-webserver","hostname":"localhost","port":443,"logger":{"enabled":true,"dir":"logs"}}
2019-03-11T20:40:38.169Z - info: xmms-webserve:Setting default and config values for express app.
2019-03-11T20:40:38.171Z - info: xmms-webserve:Defining routing file.
2019-03-11T20:40:38.178Z - info: xmms-webserve:xmms-webserve server now listening on port:443
2019-03-11T20:40:38.183Z - error: uncaughtException: spawn xmms ENOENT date=Mon Mar 11 2019 15:40:38 GMT-0500 (Central Daylight Time), pid=22019, uid=0, gid=0, cwd=/home/zoroloco/Documents/dev/xmms-webserver, execPath=/usr/bin/node, version=v10.15.3, argv=[/usr/bin/node, /home/zoroloco/Documents/dev/xmms-webserver/index.js], rss=45137920, heapTotal=20168704, heapUsed=10769768, external=215962, loadavg=[0.0732421875, 0.03564453125, 0.0048828125], uptime=101901, trace=[column=19, file=internal/child_process.js, function=Process.ChildProcess._handle.onexit, line=240, method=onexit, native=false, column=16, file=internal/child_process.js, function=onErrorNT, line=415, method=null, native=false, column=19, file=internal/process/next_tick.js, function=process._tickCallback, line=63, method=_tickCallback, native=false, column=11, file=internal/modules/cjs/loader.js, function=Module.runMain, line=757, method=runMain, native=false, column=19, file=internal/bootstrap/node.js, function=startup, line=283, method=null, native=false, column=3, file=internal/bootstrap/node.js, function=bootstrapNodeJSCore, line=622, method=null, native=false], stack=[Error: spawn xmms ENOENT,     at Process.ChildProcess._handle.onexit (internal/child_process.js:240:19),     at onErrorNT (internal/child_process.js:415:16),     at process._tickCallback (internal/process/next_tick.js:63:19),     at Function.Module.runMain (internal/modules/cjs/loader.js:757:11),     at startup (internal/bootstrap/node.js:283:19),     at bootstrapNodeJSCore (internal/bootstrap/node.js:622:3)]
2019-03-11T20:40:38.183Z - error: xmms-webserve:Uncaught Exception Error: spawn xmms ENOENT
2019-03-11T20:40:43.968Z - warn: xmms-webserve:Caught interrupt signal(Ctrl-C)
2019-03-11T20:42:37.770Z - info: Log files will be located in:logs
2019-03-11T20:42:37.770Z - info: node:Using config file:
{"title":"xmms-webserver","hostname":"localhost","port":443,"logger":{"enabled":true,"dir":"logs"}}
2019-03-11T20:42:37.771Z - info: xmms-webserve:Setting default and config values for express app.
2019-03-11T20:42:37.772Z - info: xmms-webserve:Defining routing file.
2019-03-11T20:42:37.781Z - error: uncaughtException: listen EACCES: permission denied 0.0.0.0:443 date=Mon Mar 11 2019 15:42:37 GMT-0500 (Central Daylight Time), pid=22222, uid=1000, gid=1000, cwd=/home/zoroloco/Documents/dev/xmms-webserver, execPath=/usr/bin/node, version=v10.15.3, argv=[/usr/bin/node, /home/zoroloco/Documents/dev/xmms-webserver/index.js], rss=47435776, heapTotal=20168704, heapUsed=10734240, external=240247, loadavg=[0.06591796875, 0.0556640625, 0.01025390625], uptime=102021, trace=[column=19, file=net.js, function=Server.setupListenHandle [as _listen2], line=1253, method=setupListenHandle [as _listen2], native=false, column=12, file=net.js, function=listenInCluster, line=1318, method=null, native=false, column=7, file=net.js, function=Server.listen, line=1405, method=listen, native=false, column=67, file=/home/zoroloco/Documents/dev/xmms-webserver/index.js, function=null, line=57, method=null, native=false, column=30, file=internal/modules/cjs/loader.js, function=Module._compile, line=701, method=_compile, native=false, column=10, file=internal/modules/cjs/loader.js, function=Module._extensions..js, line=712, method=.js, native=false, column=32, file=internal/modules/cjs/loader.js, function=Module.load, line=600, method=load, native=false, column=12, file=internal/modules/cjs/loader.js, function=tryModuleLoad, line=539, method=null, native=false, column=3, file=internal/modules/cjs/loader.js, function=Module._load, line=531, method=_load, native=false, column=12, file=internal/modules/cjs/loader.js, function=Module.runMain, line=754, method=runMain, native=false], stack=[Error: listen EACCES: permission denied 0.0.0.0:443,     at Server.setupListenHandle [as _listen2] (net.js:1253:19),     at listenInCluster (net.js:1318:12),     at Server.listen (net.js:1405:7),     at Object.<anonymous> (/home/zoroloco/Documents/dev/xmms-webserver/index.js:57:67),     at Module._compile (internal/modules/cjs/loader.js:701:30),     at Object.Module._extensions..js (internal/modules/cjs/loader.js:712:10),     at Module.load (internal/modules/cjs/loader.js:600:32),     at tryModuleLoad (internal/modules/cjs/loader.js:539:12),     at Function.Module._load (internal/modules/cjs/loader.js:531:3),     at Function.Module.runMain (internal/modules/cjs/loader.js:754:12)]
2019-03-11T20:42:37.781Z - error: xmms-webserve:Uncaught Exception Error: listen EACCES: permission denied 0.0.0.0:443
2019-03-11T20:42:37.783Z - info: xmms-webserve:server process exiting...
2019-03-11T20:42:45.409Z - info: Log files will be located in:logs
2019-03-11T20:42:45.409Z - info: node:Using config file:
{"title":"xmms-webserver","hostname":"localhost","port":443,"logger":{"enabled":true,"dir":"logs"}}
2019-03-11T20:42:45.410Z - info: xmms-webserve:Setting default and config values for express app.
2019-03-11T20:42:45.411Z - info: xmms-webserve:Defining routing file.
2019-03-11T20:42:45.418Z - info: xmms-webserve:xmms-webserve server now listening on port:443
2019-03-11T20:42:45.424Z - info: xmms-webserve:XMMS received stdout from remote xmms:Welcome to the XMMS2 CLI shell!
Type 'help' to list the available commands and 'exit' (or CTRL-D) to leave the shell.
xmms2> 
2019-03-11T20:42:53.423Z - info: xmms-webserve:GET request to:/play made by IP Address: ::ffff:127.0.0.1
2019-03-11T20:42:53.424Z - info: xmms-webserve:XMMS got command:play
2019-03-11T20:42:53.424Z - error: xmms-webserve:Error middleware caught with error:TypeError: Cannot read property 'stdin' of undefined
2019-03-11T20:42:58.436Z - info: xmms-webserve:GET request to:/play made by IP Address: ::ffff:127.0.0.1
2019-03-11T20:42:58.436Z - info: xmms-webserve:XMMS got command:play
2019-03-11T20:42:58.436Z - error: xmms-webserve:Error middleware caught with error:TypeError: Cannot read property 'stdin' of undefined
2019-03-11T20:43:03.443Z - info: xmms-webserve:GET request to:/play made by IP Address: ::ffff:127.0.0.1
2019-03-11T20:43:03.443Z - info: xmms-webserve:XMMS got command:play
2019-03-11T20:43:03.443Z - error: xmms-webserve:Error middleware caught with error:TypeError: Cannot read property 'stdin' of undefined
2019-03-11T20:46:19.197Z - info: Log files will be located in:logs
2019-03-11T20:46:19.197Z - info: node:Using config file:
{"title":"xmms-webserver","hostname":"localhost","port":443,"logger":{"enabled":true,"dir":"logs"}}
2019-03-11T20:46:19.198Z - info: xmms-webserve:Setting default and config values for express app.
2019-03-11T20:46:19.199Z - info: xmms-webserve:Defining routing file.
2019-03-11T20:46:19.206Z - info: xmms-webserve:xmms-webserve server now listening on port:443
2019-03-11T20:46:19.210Z - info: xmms-webserve:XMMS received stdout from remote xmms:Welcome to the XMMS2 CLI shell!
Type 'help' to list the available commands and 'exit' (or CTRL-D) to leave the shell.
xmms2> 
2019-03-11T20:46:29.131Z - info: xmms-webserve:GET request to:/play made by IP Address: ::ffff:127.0.0.1
2019-03-11T20:46:29.132Z - error: xmms-webserve:Error middleware caught with error:TypeError: myXmms.sendCommand is not a function
2019-03-11T20:46:34.144Z - info: xmms-webserve:GET request to:/play made by IP Address: ::ffff:127.0.0.1
2019-03-11T20:46:34.144Z - error: xmms-webserve:Error middleware caught with error:TypeError: myXmms.sendCommand is not a function
2019-03-11T20:56:02.315Z - info: Log files will be located in:logs
2019-03-11T20:56:02.315Z - info: node:Using config file:
{"title":"xmms-webserver","hostname":"localhost","port":443,"logger":{"enabled":true,"dir":"logs"}}
2019-03-11T20:56:02.316Z - info: xmms-webserve:Setting default and config values for express app.
2019-03-11T20:56:02.317Z - info: xmms-webserve:Defining routing file.
2019-03-11T20:56:02.325Z - info: xmms-webserve:xmms-webserve server now listening on port:443
2019-03-11T20:56:02.329Z - info: xmms-webserve:XMMS received stdout from remote xmms:Welcome to the XMMS2 CLI shell!
Type 'help' to list the available commands and 'exit' (or CTRL-D) to leave the shell.
xmms2> 
2019-03-11T20:56:29.034Z - info: xmms-webserve:GET request to:/play made by IP Address: ::ffff:127.0.0.1
2019-03-11T20:56:29.035Z - error: xmms-webserve:Error middleware caught with error:TypeError: Cannot read property 'sendCommand' of undefined
2019-03-11T20:56:34.042Z - info: xmms-webserve:GET request to:/play made by IP Address: ::ffff:127.0.0.1
2019-03-11T20:56:34.043Z - error: xmms-webserve:Error middleware caught with error:TypeError: Cannot read property 'sendCommand' of undefined
2019-03-11T20:59:00.792Z - info: Log files will be located in:logs
2019-03-11T20:59:00.792Z - info: node:Using config file:
{"title":"xmms-webserver","hostname":"localhost","port":443,"logger":{"enabled":true,"dir":"logs"}}
2019-03-11T20:59:00.793Z - info: xmms-webserve:Setting default and config values for express app.
2019-03-11T20:59:00.794Z - info: xmms-webserve:Defining routing file.
2019-03-11T20:59:00.801Z - info: xmms-webserve:xmms-webserve server now listening on port:443
2019-03-11T20:59:00.806Z - info: xmms-webserve:XMMS received stdout from remote xmms:Welcome to the XMMS2 CLI shell!
Type 'help' to list the available commands and 'exit' (or CTRL-D) to leave the shell.
xmms2> 
2019-03-11T20:59:07.624Z - info: xmms-webserve:GET request to:/play made by IP Address: ::ffff:127.0.0.1
2019-03-11T20:59:07.625Z - info: xmms-webserve:XMMS got command:play
2019-03-11T20:59:07.625Z - error: xmms-webserve:Error middleware caught with error:TypeError: Cannot read property 'stdin' of undefined
2019-03-11T20:59:12.635Z - info: xmms-webserve:GET request to:/play made by IP Address: ::ffff:127.0.0.1
2019-03-11T20:59:12.635Z - info: xmms-webserve:XMMS got command:play
2019-03-11T20:59:12.636Z - error: xmms-webserve:Error middleware caught with error:TypeError: Cannot read property 'stdin' of undefined
